2026-01-19 14:38:54 DEBUG cloudpub_common::logging: Tracing initialized (debug)
2026-01-19 14:38:54 DEBUG cloudpub_client::config: Config dir: "/home/cloudpub/.config/cloudpub"
2026-01-19 14:38:54 DEBUG cloudpub_client::config: Creating default config at ClientConfig { config_path: "", readonly: false, agent_id: "adfa0940-06bd-4200-91f9-28b46e1c894b", hwid: None, server: Url { scheme: "https", cannot_be_a_base: false, username: "", password: None, host: Some(Domain("cloudpub.ru")), port: None, path: "/", query: None, fragment: None }, token: None, heartbeat_timeout: 40, one_c_home: None, one_c_platform: None, one_c_publish_dir: None, minecraft_server: None, minecraft_java_opts: None, minimize_to_tray_on_close: Some(true), minimize_to_tray_on_start: Some(false), transport: TransportConfig { transport_type: Websocket, tcp: TcpConfig { proxy: None }, tls: Some(TlsConfig { hostname: None, trusted_root: None, pkcs12: None, pkcs12_password: None, danger_ignore_certificate_verification: None }), websocket: Some(WebsocketConfig { tls: true }) } }
2026-01-19 14:38:54 DEBUG cloudpub_common::logging: Tracing initialized (debug)
2026-01-19 14:38:54 DEBUG cloudpub_client::config: Config dir: "/home/cloudpub/.config/cloudpub"
2026-01-19 14:38:54 DEBUG cloudpub_client::base: Config: RwLock { data: ClientConfig { config_path: "/home/cloudpub/.config/cloudpub/client.toml", readonly: false, agent_id: "adfa0940-06bd-4200-91f9-28b46e1c894b", hwid: None, server: Url { scheme: "https", cannot_be_a_base: false, username: "", password: None, host: Some(Domain("cloudpub.ru")), port: None, path: "/", query: None, fragment: None }, token: Some(MASKED), heartbeat_timeout: 40, one_c_home: None, one_c_platform: None, one_c_publish_dir: None, minecraft_server: None, minecraft_java_opts: None, minimize_to_tray_on_close: Some(true), minimize_to_tray_on_start: Some(false), transport: TransportConfig { transport_type: Websocket, tcp: TcpConfig { proxy: None }, tls: Some(TlsConfig { hostname: None, trusted_root: None, pkcs12: None, pkcs12_password: None, danger_ignore_certificate_verification: None }), websocket: Some(WebsocketConfig { tls: true }) } } }
2026-01-19 14:38:54 DEBUG cloudpub_common::transport::websocket: Connecting to wss://cloudpub.ru:443/endpoint/v3
2026-01-19 14:38:54 DEBUG cloudpub_common::transport::websocket: Connected
2026-01-19 14:38:54 DEBUG cloudpub_client::client: Sending hello: AgentInfo { agent_id: "adfa0940-06bd-4200-91f9-28b46e1c894b", token: "YqjqRElD2mcmzpkCaHYtrwoDf4P-VmTT-kmukxvFgdg", hostname: "9f4187eaf6ed", version: "3.0.0", gui: false, platform: "linux-x86_64", hwid: "adfa0940-06bd-4200-91f9-28b46e1c894b", server_host_and_port: "cloudpub.ru:443", email: "", password: "", secondary: true, transient: false, is_service: false }
2026-01-19 14:38:54 DEBUG cloudpub_common::utils: Send: AgentHello(AgentInfo { agent_id: "adfa0940-06bd-4200-91f9-28b46e1c894b", token: "YqjqRElD2mcmzpkCaHYtrwoDf4P-VmTT-kmukxvFgdg", hostname: "9f4187eaf6ed", version: "3.0.0", gui: false, platform: "linux-x86_64", hwid: "adfa0940-06bd-4200-91f9-28b46e1c894b", server_host_and_port: "cloudpub.ru:443", email: "", password: "", secondary: true, transient: false, is_service: false })
2026-01-19 14:38:54 DEBUG cloudpub_client::client: Reading ack
2026-01-19 14:38:54 DEBUG cloudpub_common::utils: Recv: AgentAck(AgentAck { token: "YqjqRElD2mcmzpkCaHYtrwoDf4P-VmTT-kmukxvFgdg" })
2026-01-19 14:38:54 DEBUG cloudpub_client::client: Control channel established
2026-01-19 14:38:54 DEBUG cloudpub_common::utils: Recv: UpgradeAvailable(UpgradeInfo { version: "3.0.1", url: "" })
2026-01-19 14:38:54 DEBUG cloudpub_client::client: Received message: EndpointStart(ClientEndpoint { local_proto: Http, local_addr: "nginx", local_port: 80, local_path: "", nodelay: Some(true), description: None, auth: None, acl: [], username: "", password: "", headers: [], filter_rules: [] })
2026-01-19 14:38:54 DEBUG cloudpub_common::utils: Send: EndpointStart(ClientEndpoint { local_proto: Http, local_addr: "nginx", local_port: 80, local_path: "", nodelay: Some(true), description: None, auth: None, acl: [], username: "", password: "", headers: [], filter_rules: [] })
2026-01-19 14:38:54 DEBUG cloudpub_common::utils: Recv: EndpointAck(ServerEndpoint { status: Some("online"), guid: "00bddb0d-0bfa-473a-acc4-9e5aea5af8dd", remote_proto: Https, remote_addr: "outlandishly-protected-sapsucker.cloudpub.ru", remote_port: 443, client: Some(ClientEndpoint { local_proto: Http, local_addr: "nginx", local_port: 80, local_path: "", nodelay: Some(true), description: None, auth: None, acl: [], username: "", password: "", headers: [], filter_rules: [] }), id: 1850261, bind_addr: "/var/lib/cloudpub/sockets/00bddb0d-0bfa-473a-acc4-9e5aea5af8dd.sock", error: "", default_status: Some("online") })
2026-01-19 14:38:54 DEBUG cloudpub_common::utils: Send: EndpointStatus(ServerEndpoint { status: Some("online"), guid: "00bddb0d-0bfa-473a-acc4-9e5aea5af8dd", remote_proto: Https, remote_addr: "outlandishly-protected-sapsucker.cloudpub.ru", remote_port: 443, client: Some(ClientEndpoint { local_proto: Http, local_addr: "nginx", local_port: 80, local_path: "", nodelay: Some(true), description: None, auth: None, acl: [], username: "", password: "", headers: [], filter_rules: [] }), id: 1850261, bind_addr: "/var/lib/cloudpub/sockets/00bddb0d-0bfa-473a-acc4-9e5aea5af8dd.sock", error: "", default_status: Some("online") })
2026-01-19 14:38:54 DEBUG cloudpub_client::client: Received message: Stop(Stop)
2026-01-19 14:38:54  INFO cloudpub_client::client: Stopping the client
2026-01-19 14:38:54  INFO cloudpub_client::client: Control channel shutdown
2026-01-19 14:38:54 DEBUG cloudpub_common::transport::websocket: Closing WebSocket stream
2026-01-19 14:38:54 DEBUG cloudpub_common::transport::websocket: Closing WebSocket connection
2026-01-19 14:38:54 DEBUG cloudpub_common::logging: Tracing initialized (debug)
2026-01-19 14:38:54 DEBUG cloudpub_client::config: Config dir: "/home/cloudpub/.config/cloudpub"
2026-01-19 14:38:54 DEBUG cloudpub_client::base: Config: RwLock { data: ClientConfig { config_path: "/home/cloudpub/.config/cloudpub/client.toml", readonly: false, agent_id: "adfa0940-06bd-4200-91f9-28b46e1c894b", hwid: None, server: Url { scheme: "https", cannot_be_a_base: false, username: "", password: None, host: Some(Domain("cloudpub.ru")), port: None, path: "/", query: None, fragment: None }, token: Some(MASKED), heartbeat_timeout: 40, one_c_home: None, one_c_platform: None, one_c_publish_dir: None, minecraft_server: None, minecraft_java_opts: None, minimize_to_tray_on_close: Some(true), minimize_to_tray_on_start: Some(false), transport: TransportConfig { transport_type: Websocket, tcp: TcpConfig { proxy: None }, tls: Some(TlsConfig { hostname: None, trusted_root: None, pkcs12: None, pkcs12_password: None, danger_ignore_certificate_verification: None }), websocket: Some(WebsocketConfig { tls: true }) } } }
2026-01-19 14:38:54 DEBUG cloudpub_common::transport::websocket: Connecting to wss://cloudpub.ru:443/endpoint/v3
2026-01-19 14:38:54 DEBUG cloudpub_common::transport::websocket: Connected
2026-01-19 14:38:54 DEBUG cloudpub_client::client: Sending hello: AgentInfo { agent_id: "adfa0940-06bd-4200-91f9-28b46e1c894b", token: "YqjqRElD2mcmzpkCaHYtrwoDf4P-VmTT-kmukxvFgdg", hostname: "9f4187eaf6ed", version: "3.0.0", gui: false, platform: "linux-x86_64", hwid: "adfa0940-06bd-4200-91f9-28b46e1c894b", server_host_and_port: "cloudpub.ru:443", email: "", password: "", secondary: false, transient: false, is_service: false }
2026-01-19 14:38:54 DEBUG cloudpub_common::utils: Send: AgentHello(AgentInfo { agent_id: "adfa0940-06bd-4200-91f9-28b46e1c894b", token: "YqjqRElD2mcmzpkCaHYtrwoDf4P-VmTT-kmukxvFgdg", hostname: "9f4187eaf6ed", version: "3.0.0", gui: false, platform: "linux-x86_64", hwid: "adfa0940-06bd-4200-91f9-28b46e1c894b", server_host_and_port: "cloudpub.ru:443", email: "", password: "", secondary: false, transient: false, is_service: false })
2026-01-19 14:38:54 DEBUG cloudpub_client::client: Reading ack
2026-01-19 14:38:54 DEBUG cloudpub_common::utils: Recv: AgentAck(AgentAck { token: "YqjqRElD2mcmzpkCaHYtrwoDf4P-VmTT-kmukxvFgdg" })
2026-01-19 14:38:54 DEBUG cloudpub_client::client: Control channel established
2026-01-19 14:38:54 DEBUG cloudpub_common::utils: Recv: UpgradeAvailable(UpgradeInfo { version: "3.0.1", url: "" })
2026-01-19 14:38:54 DEBUG cloudpub_client::client: Received message: EndpointStartAll(EndpointStartAll)
2026-01-19 14:38:54 DEBUG cloudpub_common::utils: Send: EndpointStartAll(EndpointStartAll)
2026-01-19 14:38:54 DEBUG cloudpub_common::utils: Recv: EndpointAck(ServerEndpoint { status: Some("online"), guid: "00bddb0d-0bfa-473a-acc4-9e5aea5af8dd", remote_proto: Https, remote_addr: "outlandishly-protected-sapsucker.cloudpub.ru", remote_port: 443, client: Some(ClientEndpoint { local_proto: Http, local_addr: "nginx", local_port: 80, local_path: "", nodelay: None, description: None, auth: None, acl: [], username: "", password: "", headers: [], filter_rules: [] }), id: 1850261, bind_addr: "/var/lib/cloudpub/sockets/00bddb0d-0bfa-473a-acc4-9e5aea5af8dd.sock", error: "", default_status: Some("online") })
2026-01-19 14:38:54 DEBUG cloudpub_common::utils: Send: EndpointStatus(ServerEndpoint { status: Some("online"), guid: "00bddb0d-0bfa-473a-acc4-9e5aea5af8dd", remote_proto: Https, remote_addr: "outlandishly-protected-sapsucker.cloudpub.ru", remote_port: 443, client: Some(ClientEndpoint { local_proto: Http, local_addr: "nginx", local_port: 80, local_path: "", nodelay: None, description: None, auth: None, acl: [], username: "", password: "", headers: [], filter_rules: [] }), id: 1850261, bind_addr: "/var/lib/cloudpub/sockets/00bddb0d-0bfa-473a-acc4-9e5aea5af8dd.sock", error: "", default_status: Some("online") })
2026-01-19 14:38:54 DEBUG cloudpub_common::utils: Recv: EndpointStatusAck(ServerEndpoint { status: Some("online"), guid: "00bddb0d-0bfa-473a-acc4-9e5aea5af8dd", remote_proto: Https, remote_addr: "outlandishly-protected-sapsucker.cloudpub.ru", remote_port: 443, client: Some(ClientEndpoint { local_proto: Http, local_addr: "nginx", local_port: 80, local_path: "", nodelay: None, description: None, auth: None, acl: [], username: "", password: "", headers: [], filter_rules: [] }), id: 1850261, bind_addr: "/var/lib/cloudpub/sockets/00bddb0d-0bfa-473a-acc4-9e5aea5af8dd.sock", error: "", default_status: Some("online") })
2026-01-19 14:38:54 DEBUG cloudpub_client::base: Unhandled message: EndpointStatusAck(ServerEndpoint { status: Some("online"), guid: "00bddb0d-0bfa-473a-acc4-9e5aea5af8dd", remote_proto: Https, remote_addr: "outlandishly-protected-sapsucker.cloudpub.ru", remote_port: 443, client: Some(ClientEndpoint { local_proto: Http, local_addr: "nginx", local_port: 80, local_path: "", nodelay: None, description: None, auth: None, acl: [], username: "", password: "", headers: [], filter_rules: [] }), id: 1850261, bind_addr: "/var/lib/cloudpub/sockets/00bddb0d-0bfa-473a-acc4-9e5aea5af8dd.sock", error: "", default_status: Some("online") })
2026-01-19 14:41:43  WARN cloudpub_client::client: WebSocket error: IO error: peer closed connection without sending TLS close_notify: https://docs.rs/rustls/latest/rustls/manual/_03_howto/index.html#unexpected-eof. Retry in 423.025137ms...
2026-01-19 14:41:46  WARN cloudpub_client::client: Failed to connect control channel to cloudpub.ru:443: Connection refused (os error 111). Retry in 1.667119841s...
2026-01-19 14:41:50  WARN cloudpub_client::client: Failed to connect control channel to cloudpub.ru:443: Connection refused (os error 111). Retry in 4.269214547s...
2026-01-19 14:41:56  WARN cloudpub_client::client: Failed to connect control channel to cloudpub.ru:443: Connection refused (os error 111). Retry in 14.003151745s...
2026-01-19 14:42:10 DEBUG cloudpub_common::transport::websocket: Connecting to wss://cloudpub.ru:443/endpoint/v3
2026-01-19 14:42:14 DEBUG cloudpub_common::transport::websocket: Connected
2026-01-19 14:42:14 DEBUG cloudpub_client::client: Sending hello: AgentInfo { agent_id: "adfa0940-06bd-4200-91f9-28b46e1c894b", token: "YqjqRElD2mcmzpkCaHYtrwoDf4P-VmTT-kmukxvFgdg", hostname: "9f4187eaf6ed", version: "3.0.0", gui: false, platform: "linux-x86_64", hwid: "adfa0940-06bd-4200-91f9-28b46e1c894b", server_host_and_port: "cloudpub.ru:443", email: "", password: "", secondary: false, transient: false, is_service: false }
2026-01-19 14:42:14 DEBUG cloudpub_common::utils: Send: AgentHello(AgentInfo { agent_id: "adfa0940-06bd-4200-91f9-28b46e1c894b", token: "YqjqRElD2mcmzpkCaHYtrwoDf4P-VmTT-kmukxvFgdg", hostname: "9f4187eaf6ed", version: "3.0.0", gui: false, platform: "linux-x86_64", hwid: "adfa0940-06bd-4200-91f9-28b46e1c894b", server_host_and_port: "cloudpub.ru:443", email: "", password: "", secondary: false, transient: false, is_service: false })
2026-01-19 14:42:14 DEBUG cloudpub_client::client: Reading ack
2026-01-19 14:42:32 DEBUG cloudpub_common::utils: Recv: AgentAck(AgentAck { token: "YqjqRElD2mcmzpkCaHYtrwoDf4P-VmTT-kmukxvFgdg" })
2026-01-19 14:42:32 DEBUG cloudpub_client::client: Control channel established
2026-01-19 14:42:32 DEBUG cloudpub_common::utils: Recv: UpgradeAvailable(UpgradeInfo { version: "3.0.1", url: "" })
2026-01-19 14:42:32 DEBUG cloudpub_client::client: Received message: EndpointStartAll(EndpointStartAll)
2026-01-19 14:42:32 DEBUG cloudpub_common::utils: Send: EndpointStartAll(EndpointStartAll)
2026-01-19 14:42:59 DEBUG cloudpub_common::utils: Recv: EndpointAck(ServerEndpoint { status: Some("online"), guid: "00bddb0d-0bfa-473a-acc4-9e5aea5af8dd", remote_proto: Https, remote_addr: "outlandishly-protected-sapsucker.cloudpub.ru", remote_port: 443, client: Some(ClientEndpoint { local_proto: Http, local_addr: "nginx", local_port: 80, local_path: "", nodelay: None, description: None, auth: None, acl: [], username: "", password: "", headers: [], filter_rules: [] }), id: 1850261, bind_addr: "/var/lib/cloudpub/sockets/00bddb0d-0bfa-473a-acc4-9e5aea5af8dd.sock", error: "", default_status: Some("online") })
2026-01-19 14:42:59 DEBUG cloudpub_common::utils: Send: EndpointStatus(ServerEndpoint { status: Some("online"), guid: "00bddb0d-0bfa-473a-acc4-9e5aea5af8dd", remote_proto: Https, remote_addr: "outlandishly-protected-sapsucker.cloudpub.ru", remote_port: 443, client: Some(ClientEndpoint { local_proto: Http, local_addr: "nginx", local_port: 80, local_path: "", nodelay: None, description: None, auth: None, acl: [], username: "", password: "", headers: [], filter_rules: [] }), id: 1850261, bind_addr: "/var/lib/cloudpub/sockets/00bddb0d-0bfa-473a-acc4-9e5aea5af8dd.sock", error: "", default_status: Some("online") })
2026-01-19 14:43:06 DEBUG cloudpub_common::utils: Recv: EndpointStatusAck(ServerEndpoint { status: Some("online"), guid: "00bddb0d-0bfa-473a-acc4-9e5aea5af8dd", remote_proto: Https, remote_addr: "outlandishly-protected-sapsucker.cloudpub.ru", remote_port: 443, client: Some(ClientEndpoint { local_proto: Http, local_addr: "nginx", local_port: 80, local_path: "", nodelay: None, description: None, auth: None, acl: [], username: "", password: "", headers: [], filter_rules: [] }), id: 1850261, bind_addr: "/var/lib/cloudpub/sockets/00bddb0d-0bfa-473a-acc4-9e5aea5af8dd.sock", error: "", default_status: Some("online") })
2026-01-19 14:43:06 DEBUG cloudpub_client::base: Unhandled message: EndpointStatusAck(ServerEndpoint { status: Some("online"), guid: "00bddb0d-0bfa-473a-acc4-9e5aea5af8dd", remote_proto: Https, remote_addr: "outlandishly-protected-sapsucker.cloudpub.ru", remote_port: 443, client: Some(ClientEndpoint { local_proto: Http, local_addr: "nginx", local_port: 80, local_path: "", nodelay: None, description: None, auth: None, acl: [], username: "", password: "", headers: [], filter_rules: [] }), id: 1850261, bind_addr: "/var/lib/cloudpub/sockets/00bddb0d-0bfa-473a-acc4-9e5aea5af8dd.sock", error: "", default_status: Some("online") })
2026-01-19 15:00:31 DEBUG cloudpub_common::logging: Tracing initialized (debug)
2026-01-19 15:00:31 DEBUG cloudpub_client::config: Config dir: "/home/cloudpub/.config/cloudpub"
2026-01-19 15:00:31 DEBUG cloudpub_common::logging: Tracing initialized (debug)
2026-01-19 15:00:31 DEBUG cloudpub_client::config: Config dir: "/home/cloudpub/.config/cloudpub"
2026-01-19 15:00:31 DEBUG cloudpub_client::base: Config: RwLock { data: ClientConfig { config_path: "/home/cloudpub/.config/cloudpub/client.toml", readonly: false, agent_id: "adfa0940-06bd-4200-91f9-28b46e1c894b", hwid: None, server: Url { scheme: "https", cannot_be_a_base: false, username: "", password: None, host: Some(Domain("cloudpub.ru")), port: None, path: "/", query: None, fragment: None }, token: Some(MASKED), heartbeat_timeout: 40, one_c_home: None, one_c_platform: None, one_c_publish_dir: None, minecraft_server: None, minecraft_java_opts: None, minimize_to_tray_on_close: Some(true), minimize_to_tray_on_start: Some(false), transport: TransportConfig { transport_type: Websocket, tcp: TcpConfig { proxy: None }, tls: Some(TlsConfig { hostname: None, trusted_root: None, pkcs12: None, pkcs12_password: None, danger_ignore_certificate_verification: None }), websocket: Some(WebsocketConfig { tls: true }) } } }
2026-01-19 15:00:31 DEBUG cloudpub_common::transport::websocket: Connecting to wss://cloudpub.ru:443/endpoint/v3
2026-01-19 15:00:31 DEBUG cloudpub_common::transport::websocket: Connected
2026-01-19 15:00:31 DEBUG cloudpub_client::client: Sending hello: AgentInfo { agent_id: "adfa0940-06bd-4200-91f9-28b46e1c894b", token: "YqjqRElD2mcmzpkCaHYtrwoDf4P-VmTT-kmukxvFgdg", hostname: "0f5e6bfaf799", version: "3.0.0", gui: false, platform: "linux-x86_64", hwid: "adfa0940-06bd-4200-91f9-28b46e1c894b", server_host_and_port: "cloudpub.ru:443", email: "", password: "", secondary: true, transient: false, is_service: false }
2026-01-19 15:00:31 DEBUG cloudpub_common::utils: Send: AgentHello(AgentInfo { agent_id: "adfa0940-06bd-4200-91f9-28b46e1c894b", token: "YqjqRElD2mcmzpkCaHYtrwoDf4P-VmTT-kmukxvFgdg", hostname: "0f5e6bfaf799", version: "3.0.0", gui: false, platform: "linux-x86_64", hwid: "adfa0940-06bd-4200-91f9-28b46e1c894b", server_host_and_port: "cloudpub.ru:443", email: "", password: "", secondary: true, transient: false, is_service: false })
2026-01-19 15:00:31 DEBUG cloudpub_client::client: Reading ack
2026-01-19 15:00:31 DEBUG cloudpub_common::utils: Recv: AgentAck(AgentAck { token: "YqjqRElD2mcmzpkCaHYtrwoDf4P-VmTT-kmukxvFgdg" })
2026-01-19 15:00:31 DEBUG cloudpub_client::client: Control channel established
2026-01-19 15:00:31 DEBUG cloudpub_common::utils: Recv: UpgradeAvailable(UpgradeInfo { version: "3.0.1", url: "" })
2026-01-19 15:00:31 DEBUG cloudpub_client::client: Received message: EndpointStart(ClientEndpoint { local_proto: Http, local_addr: "nginx", local_port: 80, local_path: "", nodelay: Some(true), description: None, auth: None, acl: [], username: "", password: "", headers: [], filter_rules: [] })
2026-01-19 15:00:31 DEBUG cloudpub_common::utils: Send: EndpointStart(ClientEndpoint { local_proto: Http, local_addr: "nginx", local_port: 80, local_path: "", nodelay: Some(true), description: None, auth: None, acl: [], username: "", password: "", headers: [], filter_rules: [] })
2026-01-19 15:00:31 DEBUG cloudpub_common::utils: Recv: EndpointAck(ServerEndpoint { status: Some("online"), guid: "00bddb0d-0bfa-473a-acc4-9e5aea5af8dd", remote_proto: Https, remote_addr: "outlandishly-protected-sapsucker.cloudpub.ru", remote_port: 443, client: Some(ClientEndpoint { local_proto: Http, local_addr: "nginx", local_port: 80, local_path: "", nodelay: Some(true), description: None, auth: None, acl: [], username: "", password: "", headers: [], filter_rules: [] }), id: 1850261, bind_addr: "/var/lib/cloudpub/sockets/00bddb0d-0bfa-473a-acc4-9e5aea5af8dd.sock", error: "", default_status: Some("online") })
2026-01-19 15:00:31 DEBUG cloudpub_common::utils: Send: EndpointStatus(ServerEndpoint { status: Some("online"), guid: "00bddb0d-0bfa-473a-acc4-9e5aea5af8dd", remote_proto: Https, remote_addr: "outlandishly-protected-sapsucker.cloudpub.ru", remote_port: 443, client: Some(ClientEndpoint { local_proto: Http, local_addr: "nginx", local_port: 80, local_path: "", nodelay: Some(true), description: None, auth: None, acl: [], username: "", password: "", headers: [], filter_rules: [] }), id: 1850261, bind_addr: "/var/lib/cloudpub/sockets/00bddb0d-0bfa-473a-acc4-9e5aea5af8dd.sock", error: "", default_status: Some("online") })
2026-01-19 15:00:31 DEBUG cloudpub_client::client: Received message: Stop(Stop)
2026-01-19 15:00:31  INFO cloudpub_client::client: Stopping the client
2026-01-19 15:00:31  INFO cloudpub_client::client: Control channel shutdown
2026-01-19 15:00:31 DEBUG cloudpub_common::logging: Tracing initialized (debug)
2026-01-19 15:00:31 DEBUG cloudpub_client::config: Config dir: "/home/cloudpub/.config/cloudpub"
2026-01-19 15:00:31 DEBUG cloudpub_client::base: Config: RwLock { data: ClientConfig { config_path: "/home/cloudpub/.config/cloudpub/client.toml", readonly: false, agent_id: "adfa0940-06bd-4200-91f9-28b46e1c894b", hwid: None, server: Url { scheme: "https", cannot_be_a_base: false, username: "", password: None, host: Some(Domain("cloudpub.ru")), port: None, path: "/", query: None, fragment: None }, token: Some(MASKED), heartbeat_timeout: 40, one_c_home: None, one_c_platform: None, one_c_publish_dir: None, minecraft_server: None, minecraft_java_opts: None, minimize_to_tray_on_close: Some(true), minimize_to_tray_on_start: Some(false), transport: TransportConfig { transport_type: Websocket, tcp: TcpConfig { proxy: None }, tls: Some(TlsConfig { hostname: None, trusted_root: None, pkcs12: None, pkcs12_password: None, danger_ignore_certificate_verification: None }), websocket: Some(WebsocketConfig { tls: true }) } } }
2026-01-19 15:00:31 DEBUG cloudpub_common::transport::websocket: Connecting to wss://cloudpub.ru:443/endpoint/v3
2026-01-19 15:00:31 DEBUG cloudpub_common::transport::websocket: Connected
2026-01-19 15:00:31 DEBUG cloudpub_client::client: Sending hello: AgentInfo { agent_id: "adfa0940-06bd-4200-91f9-28b46e1c894b", token: "YqjqRElD2mcmzpkCaHYtrwoDf4P-VmTT-kmukxvFgdg", hostname: "0f5e6bfaf799", version: "3.0.0", gui: false, platform: "linux-x86_64", hwid: "adfa0940-06bd-4200-91f9-28b46e1c894b", server_host_and_port: "cloudpub.ru:443", email: "", password: "", secondary: false, transient: false, is_service: false }
2026-01-19 15:00:31 DEBUG cloudpub_common::utils: Send: AgentHello(AgentInfo { agent_id: "adfa0940-06bd-4200-91f9-28b46e1c894b", token: "YqjqRElD2mcmzpkCaHYtrwoDf4P-VmTT-kmukxvFgdg", hostname: "0f5e6bfaf799", version: "3.0.0", gui: false, platform: "linux-x86_64", hwid: "adfa0940-06bd-4200-91f9-28b46e1c894b", server_host_and_port: "cloudpub.ru:443", email: "", password: "", secondary: false, transient: false, is_service: false })
2026-01-19 15:00:31 DEBUG cloudpub_client::client: Reading ack
2026-01-19 15:00:31 DEBUG cloudpub_common::utils: Recv: AgentAck(AgentAck { token: "YqjqRElD2mcmzpkCaHYtrwoDf4P-VmTT-kmukxvFgdg" })
2026-01-19 15:00:31 DEBUG cloudpub_client::client: Control channel established
2026-01-19 15:00:31 DEBUG cloudpub_common::utils: Recv: UpgradeAvailable(UpgradeInfo { version: "3.0.1", url: "" })
2026-01-19 15:00:31 DEBUG cloudpub_client::client: Received message: EndpointStartAll(EndpointStartAll)
2026-01-19 15:00:31 DEBUG cloudpub_common::utils: Send: EndpointStartAll(EndpointStartAll)
2026-01-19 15:00:31 DEBUG cloudpub_common::utils: Recv: EndpointAck(ServerEndpoint { status: Some("online"), guid: "00bddb0d-0bfa-473a-acc4-9e5aea5af8dd", remote_proto: Https, remote_addr: "outlandishly-protected-sapsucker.cloudpub.ru", remote_port: 443, client: Some(ClientEndpoint { local_proto: Http, local_addr: "nginx", local_port: 80, local_path: "", nodelay: None, description: None, auth: None, acl: [], username: "", password: "", headers: [], filter_rules: [] }), id: 1850261, bind_addr: "/var/lib/cloudpub/sockets/00bddb0d-0bfa-473a-acc4-9e5aea5af8dd.sock", error: "", default_status: Some("online") })
2026-01-19 15:00:31 DEBUG cloudpub_common::utils: Send: EndpointStatus(ServerEndpoint { status: Some("online"), guid: "00bddb0d-0bfa-473a-acc4-9e5aea5af8dd", remote_proto: Https, remote_addr: "outlandishly-protected-sapsucker.cloudpub.ru", remote_port: 443, client: Some(ClientEndpoint { local_proto: Http, local_addr: "nginx", local_port: 80, local_path: "", nodelay: None, description: None, auth: None, acl: [], username: "", password: "", headers: [], filter_rules: [] }), id: 1850261, bind_addr: "/var/lib/cloudpub/sockets/00bddb0d-0bfa-473a-acc4-9e5aea5af8dd.sock", error: "", default_status: Some("online") })
2026-01-19 15:00:31 DEBUG cloudpub_common::utils: Recv: EndpointStatusAck(ServerEndpoint { status: Some("online"), guid: "00bddb0d-0bfa-473a-acc4-9e5aea5af8dd", remote_proto: Https, remote_addr: "outlandishly-protected-sapsucker.cloudpub.ru", remote_port: 443, client: Some(ClientEndpoint { local_proto: Http, local_addr: "nginx", local_port: 80, local_path: "", nodelay: None, description: None, auth: None, acl: [], username: "", password: "", headers: [], filter_rules: [] }), id: 1850261, bind_addr: "/var/lib/cloudpub/sockets/00bddb0d-0bfa-473a-acc4-9e5aea5af8dd.sock", error: "", default_status: Some("online") })
2026-01-19 15:00:31 DEBUG cloudpub_client::base: Unhandled message: EndpointStatusAck(ServerEndpoint { status: Some("online"), guid: "00bddb0d-0bfa-473a-acc4-9e5aea5af8dd", remote_proto: Https, remote_addr: "outlandishly-protected-sapsucker.cloudpub.ru", remote_port: 443, client: Some(ClientEndpoint { local_proto: Http, local_addr: "nginx", local_port: 80, local_path: "", nodelay: None, description: None, auth: None, acl: [], username: "", password: "", headers: [], filter_rules: [] }), id: 1850261, bind_addr: "/var/lib/cloudpub/sockets/00bddb0d-0bfa-473a-acc4-9e5aea5af8dd.sock", error: "", default_status: Some("online") })
2026-01-19 15:07:13 DEBUG cloudpub_common::logging: Tracing initialized (debug)
2026-01-19 15:07:13 DEBUG cloudpub_client::config: Config dir: "/home/cloudpub/.config/cloudpub"
2026-01-19 15:07:13 DEBUG cloudpub_common::logging: Tracing initialized (debug)
2026-01-19 15:07:13 DEBUG cloudpub_client::config: Config dir: "/home/cloudpub/.config/cloudpub"
2026-01-19 15:07:13 DEBUG cloudpub_client::base: Config: RwLock { data: ClientConfig { config_path: "/home/cloudpub/.config/cloudpub/client.toml", readonly: false, agent_id: "adfa0940-06bd-4200-91f9-28b46e1c894b", hwid: None, server: Url { scheme: "https", cannot_be_a_base: false, username: "", password: None, host: Some(Domain("cloudpub.ru")), port: None, path: "/", query: None, fragment: None }, token: Some(MASKED), heartbeat_timeout: 40, one_c_home: None, one_c_platform: None, one_c_publish_dir: None, minecraft_server: None, minecraft_java_opts: None, minimize_to_tray_on_close: Some(true), minimize_to_tray_on_start: Some(false), transport: TransportConfig { transport_type: Websocket, tcp: TcpConfig { proxy: None }, tls: Some(TlsConfig { hostname: None, trusted_root: None, pkcs12: None, pkcs12_password: None, danger_ignore_certificate_verification: None }), websocket: Some(WebsocketConfig { tls: true }) } } }
2026-01-19 15:07:13 DEBUG cloudpub_common::transport::websocket: Connecting to wss://cloudpub.ru:443/endpoint/v3
2026-01-19 15:07:13 DEBUG cloudpub_common::transport::websocket: Connected
2026-01-19 15:07:13 DEBUG cloudpub_client::client: Sending hello: AgentInfo { agent_id: "adfa0940-06bd-4200-91f9-28b46e1c894b", token: "YqjqRElD2mcmzpkCaHYtrwoDf4P-VmTT-kmukxvFgdg", hostname: "3fe2da216c66", version: "3.0.0", gui: false, platform: "linux-x86_64", hwid: "adfa0940-06bd-4200-91f9-28b46e1c894b", server_host_and_port: "cloudpub.ru:443", email: "", password: "", secondary: true, transient: false, is_service: false }
2026-01-19 15:07:13 DEBUG cloudpub_common::utils: Send: AgentHello(AgentInfo { agent_id: "adfa0940-06bd-4200-91f9-28b46e1c894b", token: "YqjqRElD2mcmzpkCaHYtrwoDf4P-VmTT-kmukxvFgdg", hostname: "3fe2da216c66", version: "3.0.0", gui: false, platform: "linux-x86_64", hwid: "adfa0940-06bd-4200-91f9-28b46e1c894b", server_host_and_port: "cloudpub.ru:443", email: "", password: "", secondary: true, transient: false, is_service: false })
2026-01-19 15:07:13 DEBUG cloudpub_client::client: Reading ack
2026-01-19 15:07:13 DEBUG cloudpub_common::utils: Recv: AgentAck(AgentAck { token: "YqjqRElD2mcmzpkCaHYtrwoDf4P-VmTT-kmukxvFgdg" })
2026-01-19 15:07:13 DEBUG cloudpub_client::client: Control channel established
2026-01-19 15:07:13 DEBUG cloudpub_common::utils: Recv: UpgradeAvailable(UpgradeInfo { version: "3.0.1", url: "" })
2026-01-19 15:07:13 DEBUG cloudpub_client::client: Received message: EndpointStart(ClientEndpoint { local_proto: Http, local_addr: "nginx", local_port: 80, local_path: "", nodelay: Some(true), description: None, auth: None, acl: [], username: "", password: "", headers: [], filter_rules: [] })
2026-01-19 15:07:13 DEBUG cloudpub_common::utils: Send: EndpointStart(ClientEndpoint { local_proto: Http, local_addr: "nginx", local_port: 80, local_path: "", nodelay: Some(true), description: None, auth: None, acl: [], username: "", password: "", headers: [], filter_rules: [] })
2026-01-19 15:07:13 DEBUG cloudpub_common::utils: Recv: EndpointAck(ServerEndpoint { status: Some("online"), guid: "00bddb0d-0bfa-473a-acc4-9e5aea5af8dd", remote_proto: Https, remote_addr: "outlandishly-protected-sapsucker.cloudpub.ru", remote_port: 443, client: Some(ClientEndpoint { local_proto: Http, local_addr: "nginx", local_port: 80, local_path: "", nodelay: Some(true), description: None, auth: None, acl: [], username: "", password: "", headers: [], filter_rules: [] }), id: 1850261, bind_addr: "/var/lib/cloudpub/sockets/00bddb0d-0bfa-473a-acc4-9e5aea5af8dd.sock", error: "", default_status: Some("online") })
2026-01-19 15:07:13 DEBUG cloudpub_common::utils: Send: EndpointStatus(ServerEndpoint { status: Some("online"), guid: "00bddb0d-0bfa-473a-acc4-9e5aea5af8dd", remote_proto: Https, remote_addr: "outlandishly-protected-sapsucker.cloudpub.ru", remote_port: 443, client: Some(ClientEndpoint { local_proto: Http, local_addr: "nginx", local_port: 80, local_path: "", nodelay: Some(true), description: None, auth: None, acl: [], username: "", password: "", headers: [], filter_rules: [] }), id: 1850261, bind_addr: "/var/lib/cloudpub/sockets/00bddb0d-0bfa-473a-acc4-9e5aea5af8dd.sock", error: "", default_status: Some("online") })
2026-01-19 15:07:13 DEBUG cloudpub_client::client: Received message: Stop(Stop)
2026-01-19 15:07:13  INFO cloudpub_client::client: Stopping the client
2026-01-19 15:07:13  INFO cloudpub_client::client: Control channel shutdown
2026-01-19 15:07:13 DEBUG cloudpub_common::logging: Tracing initialized (debug)
2026-01-19 15:07:13 DEBUG cloudpub_client::config: Config dir: "/home/cloudpub/.config/cloudpub"
2026-01-19 15:07:13 DEBUG cloudpub_client::base: Config: RwLock { data: ClientConfig { config_path: "/home/cloudpub/.config/cloudpub/client.toml", readonly: false, agent_id: "adfa0940-06bd-4200-91f9-28b46e1c894b", hwid: None, server: Url { scheme: "https", cannot_be_a_base: false, username: "", password: None, host: Some(Domain("cloudpub.ru")), port: None, path: "/", query: None, fragment: None }, token: Some(MASKED), heartbeat_timeout: 40, one_c_home: None, one_c_platform: None, one_c_publish_dir: None, minecraft_server: None, minecraft_java_opts: None, minimize_to_tray_on_close: Some(true), minimize_to_tray_on_start: Some(false), transport: TransportConfig { transport_type: Websocket, tcp: TcpConfig { proxy: None }, tls: Some(TlsConfig { hostname: None, trusted_root: None, pkcs12: None, pkcs12_password: None, danger_ignore_certificate_verification: None }), websocket: Some(WebsocketConfig { tls: true }) } } }
2026-01-19 15:07:13 DEBUG cloudpub_common::transport::websocket: Connecting to wss://cloudpub.ru:443/endpoint/v3
2026-01-19 15:07:13 DEBUG cloudpub_common::transport::websocket: Connected
2026-01-19 15:07:13 DEBUG cloudpub_client::client: Sending hello: AgentInfo { agent_id: "adfa0940-06bd-4200-91f9-28b46e1c894b", token: "YqjqRElD2mcmzpkCaHYtrwoDf4P-VmTT-kmukxvFgdg", hostname: "3fe2da216c66", version: "3.0.0", gui: false, platform: "linux-x86_64", hwid: "adfa0940-06bd-4200-91f9-28b46e1c894b", server_host_and_port: "cloudpub.ru:443", email: "", password: "", secondary: false, transient: false, is_service: false }
2026-01-19 15:07:13 DEBUG cloudpub_common::utils: Send: AgentHello(AgentInfo { agent_id: "adfa0940-06bd-4200-91f9-28b46e1c894b", token: "YqjqRElD2mcmzpkCaHYtrwoDf4P-VmTT-kmukxvFgdg", hostname: "3fe2da216c66", version: "3.0.0", gui: false, platform: "linux-x86_64", hwid: "adfa0940-06bd-4200-91f9-28b46e1c894b", server_host_and_port: "cloudpub.ru:443", email: "", password: "", secondary: false, transient: false, is_service: false })
2026-01-19 15:07:13 DEBUG cloudpub_client::client: Reading ack
2026-01-19 15:07:13 DEBUG cloudpub_common::utils: Recv: AgentAck(AgentAck { token: "YqjqRElD2mcmzpkCaHYtrwoDf4P-VmTT-kmukxvFgdg" })
2026-01-19 15:07:13 DEBUG cloudpub_client::client: Control channel established
2026-01-19 15:07:13 DEBUG cloudpub_common::utils: Recv: UpgradeAvailable(UpgradeInfo { version: "3.0.1", url: "" })
2026-01-19 15:07:13 DEBUG cloudpub_client::client: Received message: EndpointStartAll(EndpointStartAll)
2026-01-19 15:07:13 DEBUG cloudpub_common::utils: Send: EndpointStartAll(EndpointStartAll)
2026-01-19 15:07:13 DEBUG cloudpub_common::utils: Recv: EndpointAck(ServerEndpoint { status: Some("online"), guid: "00bddb0d-0bfa-473a-acc4-9e5aea5af8dd", remote_proto: Https, remote_addr: "outlandishly-protected-sapsucker.cloudpub.ru", remote_port: 443, client: Some(ClientEndpoint { local_proto: Http, local_addr: "nginx", local_port: 80, local_path: "", nodelay: None, description: None, auth: None, acl: [], username: "", password: "", headers: [], filter_rules: [] }), id: 1850261, bind_addr: "/var/lib/cloudpub/sockets/00bddb0d-0bfa-473a-acc4-9e5aea5af8dd.sock", error: "", default_status: Some("online") })
2026-01-19 15:07:13 DEBUG cloudpub_common::utils: Send: EndpointStatus(ServerEndpoint { status: Some("online"), guid: "00bddb0d-0bfa-473a-acc4-9e5aea5af8dd", remote_proto: Https, remote_addr: "outlandishly-protected-sapsucker.cloudpub.ru", remote_port: 443, client: Some(ClientEndpoint { local_proto: Http, local_addr: "nginx", local_port: 80, local_path: "", nodelay: None, description: None, auth: None, acl: [], username: "", password: "", headers: [], filter_rules: [] }), id: 1850261, bind_addr: "/var/lib/cloudpub/sockets/00bddb0d-0bfa-473a-acc4-9e5aea5af8dd.sock", error: "", default_status: Some("online") })
2026-01-19 15:07:13 DEBUG cloudpub_common::utils: Recv: EndpointStatusAck(ServerEndpoint { status: Some("online"), guid: "00bddb0d-0bfa-473a-acc4-9e5aea5af8dd", remote_proto: Https, remote_addr: "outlandishly-protected-sapsucker.cloudpub.ru", remote_port: 443, client: Some(ClientEndpoint { local_proto: Http, local_addr: "nginx", local_port: 80, local_path: "", nodelay: None, description: None, auth: None, acl: [], username: "", password: "", headers: [], filter_rules: [] }), id: 1850261, bind_addr: "/var/lib/cloudpub/sockets/00bddb0d-0bfa-473a-acc4-9e5aea5af8dd.sock", error: "", default_status: Some("online") })
2026-01-19 15:07:13 DEBUG cloudpub_client::base: Unhandled message: EndpointStatusAck(ServerEndpoint { status: Some("online"), guid: "00bddb0d-0bfa-473a-acc4-9e5aea5af8dd", remote_proto: Https, remote_addr: "outlandishly-protected-sapsucker.cloudpub.ru", remote_port: 443, client: Some(ClientEndpoint { local_proto: Http, local_addr: "nginx", local_port: 80, local_path: "", nodelay: None, description: None, auth: None, acl: [], username: "", password: "", headers: [], filter_rules: [] }), id: 1850261, bind_addr: "/var/lib/cloudpub/sockets/00bddb0d-0bfa-473a-acc4-9e5aea5af8dd.sock", error: "", default_status: Some("online") })
2026-01-19 15:09:29 DEBUG cloudpub_common::logging: Tracing initialized (debug)
2026-01-19 15:09:29 DEBUG cloudpub_client::config: Config dir: "/home/cloudpub/.config/cloudpub"
2026-01-19 15:09:29 DEBUG cloudpub_common::logging: Tracing initialized (debug)
2026-01-19 15:09:29 DEBUG cloudpub_client::config: Config dir: "/home/cloudpub/.config/cloudpub"
2026-01-19 15:09:29 DEBUG cloudpub_client::base: Config: RwLock { data: ClientConfig { config_path: "/home/cloudpub/.config/cloudpub/client.toml", readonly: false, agent_id: "adfa0940-06bd-4200-91f9-28b46e1c894b", hwid: None, server: Url { scheme: "https", cannot_be_a_base: false, username: "", password: None, host: Some(Domain("cloudpub.ru")), port: None, path: "/", query: None, fragment: None }, token: Some(MASKED), heartbeat_timeout: 40, one_c_home: None, one_c_platform: None, one_c_publish_dir: None, minecraft_server: None, minecraft_java_opts: None, minimize_to_tray_on_close: Some(true), minimize_to_tray_on_start: Some(false), transport: TransportConfig { transport_type: Websocket, tcp: TcpConfig { proxy: None }, tls: Some(TlsConfig { hostname: None, trusted_root: None, pkcs12: None, pkcs12_password: None, danger_ignore_certificate_verification: None }), websocket: Some(WebsocketConfig { tls: true }) } } }
2026-01-19 15:09:29 DEBUG cloudpub_common::transport::websocket: Connecting to wss://cloudpub.ru:443/endpoint/v3
2026-01-19 15:09:29 DEBUG cloudpub_common::transport::websocket: Connected
2026-01-19 15:09:29 DEBUG cloudpub_client::client: Sending hello: AgentInfo { agent_id: "adfa0940-06bd-4200-91f9-28b46e1c894b", token: "YqjqRElD2mcmzpkCaHYtrwoDf4P-VmTT-kmukxvFgdg", hostname: "ac00d7f11334", version: "3.0.0", gui: false, platform: "linux-x86_64", hwid: "adfa0940-06bd-4200-91f9-28b46e1c894b", server_host_and_port: "cloudpub.ru:443", email: "", password: "", secondary: true, transient: false, is_service: false }
2026-01-19 15:09:29 DEBUG cloudpub_common::utils: Send: AgentHello(AgentInfo { agent_id: "adfa0940-06bd-4200-91f9-28b46e1c894b", token: "YqjqRElD2mcmzpkCaHYtrwoDf4P-VmTT-kmukxvFgdg", hostname: "ac00d7f11334", version: "3.0.0", gui: false, platform: "linux-x86_64", hwid: "adfa0940-06bd-4200-91f9-28b46e1c894b", server_host_and_port: "cloudpub.ru:443", email: "", password: "", secondary: true, transient: false, is_service: false })
2026-01-19 15:09:29 DEBUG cloudpub_client::client: Reading ack
2026-01-19 15:09:29 DEBUG cloudpub_common::utils: Recv: AgentAck(AgentAck { token: "YqjqRElD2mcmzpkCaHYtrwoDf4P-VmTT-kmukxvFgdg" })
2026-01-19 15:09:29 DEBUG cloudpub_client::client: Control channel established
2026-01-19 15:09:29 DEBUG cloudpub_common::utils: Recv: UpgradeAvailable(UpgradeInfo { version: "3.0.1", url: "" })
2026-01-19 15:09:29 DEBUG cloudpub_client::client: Received message: EndpointStart(ClientEndpoint { local_proto: Http, local_addr: "nginx", local_port: 80, local_path: "", nodelay: Some(true), description: None, auth: None, acl: [], username: "", password: "", headers: [], filter_rules: [] })
2026-01-19 15:09:29 DEBUG cloudpub_common::utils: Send: EndpointStart(ClientEndpoint { local_proto: Http, local_addr: "nginx", local_port: 80, local_path: "", nodelay: Some(true), description: None, auth: None, acl: [], username: "", password: "", headers: [], filter_rules: [] })
2026-01-19 15:09:29 DEBUG cloudpub_common::utils: Recv: EndpointAck(ServerEndpoint { status: Some("online"), guid: "00bddb0d-0bfa-473a-acc4-9e5aea5af8dd", remote_proto: Https, remote_addr: "outlandishly-protected-sapsucker.cloudpub.ru", remote_port: 443, client: Some(ClientEndpoint { local_proto: Http, local_addr: "nginx", local_port: 80, local_path: "", nodelay: Some(true), description: None, auth: None, acl: [], username: "", password: "", headers: [], filter_rules: [] }), id: 1850261, bind_addr: "/var/lib/cloudpub/sockets/00bddb0d-0bfa-473a-acc4-9e5aea5af8dd.sock", error: "", default_status: Some("online") })
2026-01-19 15:09:29 DEBUG cloudpub_common::utils: Send: EndpointStatus(ServerEndpoint { status: Some("online"), guid: "00bddb0d-0bfa-473a-acc4-9e5aea5af8dd", remote_proto: Https, remote_addr: "outlandishly-protected-sapsucker.cloudpub.ru", remote_port: 443, client: Some(ClientEndpoint { local_proto: Http, local_addr: "nginx", local_port: 80, local_path: "", nodelay: Some(true), description: None, auth: None, acl: [], username: "", password: "", headers: [], filter_rules: [] }), id: 1850261, bind_addr: "/var/lib/cloudpub/sockets/00bddb0d-0bfa-473a-acc4-9e5aea5af8dd.sock", error: "", default_status: Some("online") })
2026-01-19 15:09:29 DEBUG cloudpub_common::logging: Tracing initialized (debug)
2026-01-19 15:09:29 DEBUG cloudpub_client::config: Config dir: "/home/cloudpub/.config/cloudpub"
2026-01-19 15:09:29 DEBUG cloudpub_client::base: Config: RwLock { data: ClientConfig { config_path: "/home/cloudpub/.config/cloudpub/client.toml", readonly: false, agent_id: "adfa0940-06bd-4200-91f9-28b46e1c894b", hwid: None, server: Url { scheme: "https", cannot_be_a_base: false, username: "", password: None, host: Some(Domain("cloudpub.ru")), port: None, path: "/", query: None, fragment: None }, token: Some(MASKED), heartbeat_timeout: 40, one_c_home: None, one_c_platform: None, one_c_publish_dir: None, minecraft_server: None, minecraft_java_opts: None, minimize_to_tray_on_close: Some(true), minimize_to_tray_on_start: Some(false), transport: TransportConfig { transport_type: Websocket, tcp: TcpConfig { proxy: None }, tls: Some(TlsConfig { hostname: None, trusted_root: None, pkcs12: None, pkcs12_password: None, danger_ignore_certificate_verification: None }), websocket: Some(WebsocketConfig { tls: true }) } } }
2026-01-19 15:09:29 DEBUG cloudpub_common::transport::websocket: Connecting to wss://cloudpub.ru:443/endpoint/v3
2026-01-19 15:09:29 DEBUG cloudpub_common::transport::websocket: Connected
2026-01-19 15:09:29 DEBUG cloudpub_client::client: Sending hello: AgentInfo { agent_id: "adfa0940-06bd-4200-91f9-28b46e1c894b", token: "YqjqRElD2mcmzpkCaHYtrwoDf4P-VmTT-kmukxvFgdg", hostname: "ac00d7f11334", version: "3.0.0", gui: false, platform: "linux-x86_64", hwid: "adfa0940-06bd-4200-91f9-28b46e1c894b", server_host_and_port: "cloudpub.ru:443", email: "", password: "", secondary: false, transient: false, is_service: false }
2026-01-19 15:09:29 DEBUG cloudpub_common::utils: Send: AgentHello(AgentInfo { agent_id: "adfa0940-06bd-4200-91f9-28b46e1c894b", token: "YqjqRElD2mcmzpkCaHYtrwoDf4P-VmTT-kmukxvFgdg", hostname: "ac00d7f11334", version: "3.0.0", gui: false, platform: "linux-x86_64", hwid: "adfa0940-06bd-4200-91f9-28b46e1c894b", server_host_and_port: "cloudpub.ru:443", email: "", password: "", secondary: false, transient: false, is_service: false })
2026-01-19 15:09:29 DEBUG cloudpub_client::client: Reading ack
2026-01-19 15:09:29 DEBUG cloudpub_common::utils: Recv: AgentAck(AgentAck { token: "YqjqRElD2mcmzpkCaHYtrwoDf4P-VmTT-kmukxvFgdg" })
2026-01-19 15:09:30 DEBUG cloudpub_client::client: Control channel established
2026-01-19 15:09:30 DEBUG cloudpub_common::utils: Recv: UpgradeAvailable(UpgradeInfo { version: "3.0.1", url: "" })
2026-01-19 15:09:30 DEBUG cloudpub_client::client: Received message: EndpointStartAll(EndpointStartAll)
2026-01-19 15:09:30 DEBUG cloudpub_common::utils: Send: EndpointStartAll(EndpointStartAll)
2026-01-19 15:09:30 DEBUG cloudpub_common::utils: Recv: EndpointAck(ServerEndpoint { status: Some("online"), guid: "00bddb0d-0bfa-473a-acc4-9e5aea5af8dd", remote_proto: Https, remote_addr: "outlandishly-protected-sapsucker.cloudpub.ru", remote_port: 443, client: Some(ClientEndpoint { local_proto: Http, local_addr: "nginx", local_port: 80, local_path: "", nodelay: None, description: None, auth: None, acl: [], username: "", password: "", headers: [], filter_rules: [] }), id: 1850261, bind_addr: "/var/lib/cloudpub/sockets/00bddb0d-0bfa-473a-acc4-9e5aea5af8dd.sock", error: "", default_status: Some("online") })
2026-01-19 15:09:30 DEBUG cloudpub_common::utils: Send: EndpointStatus(ServerEndpoint { status: Some("online"), guid: "00bddb0d-0bfa-473a-acc4-9e5aea5af8dd", remote_proto: Https, remote_addr: "outlandishly-protected-sapsucker.cloudpub.ru", remote_port: 443, client: Some(ClientEndpoint { local_proto: Http, local_addr: "nginx", local_port: 80, local_path: "", nodelay: None, description: None, auth: None, acl: [], username: "", password: "", headers: [], filter_rules: [] }), id: 1850261, bind_addr: "/var/lib/cloudpub/sockets/00bddb0d-0bfa-473a-acc4-9e5aea5af8dd.sock", error: "", default_status: Some("online") })
2026-01-19 15:09:30 DEBUG cloudpub_common::utils: Recv: EndpointStatusAck(ServerEndpoint { status: Some("online"), guid: "00bddb0d-0bfa-473a-acc4-9e5aea5af8dd", remote_proto: Https, remote_addr: "outlandishly-protected-sapsucker.cloudpub.ru", remote_port: 443, client: Some(ClientEndpoint { local_proto: Http, local_addr: "nginx", local_port: 80, local_path: "", nodelay: None, description: None, auth: None, acl: [], username: "", password: "", headers: [], filter_rules: [] }), id: 1850261, bind_addr: "/var/lib/cloudpub/sockets/00bddb0d-0bfa-473a-acc4-9e5aea5af8dd.sock", error: "", default_status: Some("online") })
2026-01-19 15:09:30 DEBUG cloudpub_client::base: Unhandled message: EndpointStatusAck(ServerEndpoint { status: Some("online"), guid: "00bddb0d-0bfa-473a-acc4-9e5aea5af8dd", remote_proto: Https, remote_addr: "outlandishly-protected-sapsucker.cloudpub.ru", remote_port: 443, client: Some(ClientEndpoint { local_proto: Http, local_addr: "nginx", local_port: 80, local_path: "", nodelay: None, description: None, auth: None, acl: [], username: "", password: "", headers: [], filter_rules: [] }), id: 1850261, bind_addr: "/var/lib/cloudpub/sockets/00bddb0d-0bfa-473a-acc4-9e5aea5af8dd.sock", error: "", default_status: Some("online") })
2026-01-19 15:19:05 DEBUG cloudpub_common::logging: Tracing initialized (debug)
2026-01-19 15:19:05 DEBUG cloudpub_client::config: Config dir: "/home/cloudpub/.config/cloudpub"
2026-01-19 15:19:05 DEBUG cloudpub_common::logging: Tracing initialized (debug)
2026-01-19 15:19:05 DEBUG cloudpub_client::config: Config dir: "/home/cloudpub/.config/cloudpub"
2026-01-19 15:19:05 DEBUG cloudpub_client::base: Config: RwLock { data: ClientConfig { config_path: "/home/cloudpub/.config/cloudpub/client.toml", readonly: false, agent_id: "adfa0940-06bd-4200-91f9-28b46e1c894b", hwid: None, server: Url { scheme: "https", cannot_be_a_base: false, username: "", password: None, host: Some(Domain("cloudpub.ru")), port: None, path: "/", query: None, fragment: None }, token: Some(MASKED), heartbeat_timeout: 40, one_c_home: None, one_c_platform: None, one_c_publish_dir: None, minecraft_server: None, minecraft_java_opts: None, minimize_to_tray_on_close: Some(true), minimize_to_tray_on_start: Some(false), transport: TransportConfig { transport_type: Websocket, tcp: TcpConfig { proxy: None }, tls: Some(TlsConfig { hostname: None, trusted_root: None, pkcs12: None, pkcs12_password: None, danger_ignore_certificate_verification: None }), websocket: Some(WebsocketConfig { tls: true }) } } }
2026-01-19 15:19:05 DEBUG cloudpub_common::transport::websocket: Connecting to wss://cloudpub.ru:443/endpoint/v3
2026-01-19 15:19:05 DEBUG cloudpub_common::transport::websocket: Connected
2026-01-19 15:19:05 DEBUG cloudpub_client::client: Sending hello: AgentInfo { agent_id: "adfa0940-06bd-4200-91f9-28b46e1c894b", token: "YqjqRElD2mcmzpkCaHYtrwoDf4P-VmTT-kmukxvFgdg", hostname: "e5c9e3d29d9c", version: "3.0.0", gui: false, platform: "linux-x86_64", hwid: "adfa0940-06bd-4200-91f9-28b46e1c894b", server_host_and_port: "cloudpub.ru:443", email: "", password: "", secondary: true, transient: false, is_service: false }
2026-01-19 15:19:05 DEBUG cloudpub_common::utils: Send: AgentHello(AgentInfo { agent_id: "adfa0940-06bd-4200-91f9-28b46e1c894b", token: "YqjqRElD2mcmzpkCaHYtrwoDf4P-VmTT-kmukxvFgdg", hostname: "e5c9e3d29d9c", version: "3.0.0", gui: false, platform: "linux-x86_64", hwid: "adfa0940-06bd-4200-91f9-28b46e1c894b", server_host_and_port: "cloudpub.ru:443", email: "", password: "", secondary: true, transient: false, is_service: false })
2026-01-19 15:19:05 DEBUG cloudpub_client::client: Reading ack
2026-01-19 15:19:05 DEBUG cloudpub_common::utils: Recv: AgentAck(AgentAck { token: "YqjqRElD2mcmzpkCaHYtrwoDf4P-VmTT-kmukxvFgdg" })
2026-01-19 15:19:05 DEBUG cloudpub_client::client: Control channel established
2026-01-19 15:19:05 DEBUG cloudpub_common::utils: Recv: UpgradeAvailable(UpgradeInfo { version: "3.0.1", url: "" })
2026-01-19 15:19:05 DEBUG cloudpub_client::client: Received message: EndpointStart(ClientEndpoint { local_proto: Http, local_addr: "nginx", local_port: 80, local_path: "", nodelay: Some(true), description: None, auth: None, acl: [], username: "", password: "", headers: [], filter_rules: [] })
2026-01-19 15:19:05 DEBUG cloudpub_common::utils: Send: EndpointStart(ClientEndpoint { local_proto: Http, local_addr: "nginx", local_port: 80, local_path: "", nodelay: Some(true), description: None, auth: None, acl: [], username: "", password: "", headers: [], filter_rules: [] })
2026-01-19 15:19:05 DEBUG cloudpub_common::utils: Recv: EndpointAck(ServerEndpoint { status: Some("online"), guid: "00bddb0d-0bfa-473a-acc4-9e5aea5af8dd", remote_proto: Https, remote_addr: "outlandishly-protected-sapsucker.cloudpub.ru", remote_port: 443, client: Some(ClientEndpoint { local_proto: Http, local_addr: "nginx", local_port: 80, local_path: "", nodelay: Some(true), description: None, auth: None, acl: [], username: "", password: "", headers: [], filter_rules: [] }), id: 1850261, bind_addr: "/var/lib/cloudpub/sockets/00bddb0d-0bfa-473a-acc4-9e5aea5af8dd.sock", error: "", default_status: Some("online") })
2026-01-19 15:19:05 DEBUG cloudpub_common::utils: Send: EndpointStatus(ServerEndpoint { status: Some("online"), guid: "00bddb0d-0bfa-473a-acc4-9e5aea5af8dd", remote_proto: Https, remote_addr: "outlandishly-protected-sapsucker.cloudpub.ru", remote_port: 443, client: Some(ClientEndpoint { local_proto: Http, local_addr: "nginx", local_port: 80, local_path: "", nodelay: Some(true), description: None, auth: None, acl: [], username: "", password: "", headers: [], filter_rules: [] }), id: 1850261, bind_addr: "/var/lib/cloudpub/sockets/00bddb0d-0bfa-473a-acc4-9e5aea5af8dd.sock", error: "", default_status: Some("online") })
2026-01-19 15:19:05 DEBUG cloudpub_client::client: Received message: Stop(Stop)
2026-01-19 15:19:05  INFO cloudpub_client::client: Stopping the client
2026-01-19 15:19:05  INFO cloudpub_client::client: Control channel shutdown
2026-01-19 15:19:05 DEBUG cloudpub_common::logging: Tracing initialized (debug)
2026-01-19 15:19:05 DEBUG cloudpub_client::config: Config dir: "/home/cloudpub/.config/cloudpub"
2026-01-19 15:19:05 DEBUG cloudpub_client::base: Config: RwLock { data: ClientConfig { config_path: "/home/cloudpub/.config/cloudpub/client.toml", readonly: false, agent_id: "adfa0940-06bd-4200-91f9-28b46e1c894b", hwid: None, server: Url { scheme: "https", cannot_be_a_base: false, username: "", password: None, host: Some(Domain("cloudpub.ru")), port: None, path: "/", query: None, fragment: None }, token: Some(MASKED), heartbeat_timeout: 40, one_c_home: None, one_c_platform: None, one_c_publish_dir: None, minecraft_server: None, minecraft_java_opts: None, minimize_to_tray_on_close: Some(true), minimize_to_tray_on_start: Some(false), transport: TransportConfig { transport_type: Websocket, tcp: TcpConfig { proxy: None }, tls: Some(TlsConfig { hostname: None, trusted_root: None, pkcs12: None, pkcs12_password: None, danger_ignore_certificate_verification: None }), websocket: Some(WebsocketConfig { tls: true }) } } }
2026-01-19 15:19:05 DEBUG cloudpub_common::transport::websocket: Connecting to wss://cloudpub.ru:443/endpoint/v3
2026-01-19 15:19:05 DEBUG cloudpub_common::transport::websocket: Connected
2026-01-19 15:19:05 DEBUG cloudpub_client::client: Sending hello: AgentInfo { agent_id: "adfa0940-06bd-4200-91f9-28b46e1c894b", token: "YqjqRElD2mcmzpkCaHYtrwoDf4P-VmTT-kmukxvFgdg", hostname: "e5c9e3d29d9c", version: "3.0.0", gui: false, platform: "linux-x86_64", hwid: "adfa0940-06bd-4200-91f9-28b46e1c894b", server_host_and_port: "cloudpub.ru:443", email: "", password: "", secondary: false, transient: false, is_service: false }
2026-01-19 15:19:05 DEBUG cloudpub_common::utils: Send: AgentHello(AgentInfo { agent_id: "adfa0940-06bd-4200-91f9-28b46e1c894b", token: "YqjqRElD2mcmzpkCaHYtrwoDf4P-VmTT-kmukxvFgdg", hostname: "e5c9e3d29d9c", version: "3.0.0", gui: false, platform: "linux-x86_64", hwid: "adfa0940-06bd-4200-91f9-28b46e1c894b", server_host_and_port: "cloudpub.ru:443", email: "", password: "", secondary: false, transient: false, is_service: false })
2026-01-19 15:19:05 DEBUG cloudpub_client::client: Reading ack
2026-01-19 15:19:05 DEBUG cloudpub_common::utils: Recv: AgentAck(AgentAck { token: "YqjqRElD2mcmzpkCaHYtrwoDf4P-VmTT-kmukxvFgdg" })
2026-01-19 15:19:05 DEBUG cloudpub_client::client: Control channel established
2026-01-19 15:19:05 DEBUG cloudpub_common::utils: Recv: UpgradeAvailable(UpgradeInfo { version: "3.0.1", url: "" })
2026-01-19 15:19:05 DEBUG cloudpub_client::client: Received message: EndpointStartAll(EndpointStartAll)
2026-01-19 15:19:05 DEBUG cloudpub_common::utils: Send: EndpointStartAll(EndpointStartAll)
2026-01-19 15:19:05 DEBUG cloudpub_common::utils: Recv: EndpointAck(ServerEndpoint { status: Some("online"), guid: "00bddb0d-0bfa-473a-acc4-9e5aea5af8dd", remote_proto: Https, remote_addr: "outlandishly-protected-sapsucker.cloudpub.ru", remote_port: 443, client: Some(ClientEndpoint { local_proto: Http, local_addr: "nginx", local_port: 80, local_path: "", nodelay: None, description: None, auth: None, acl: [], username: "", password: "", headers: [], filter_rules: [] }), id: 1850261, bind_addr: "/var/lib/cloudpub/sockets/00bddb0d-0bfa-473a-acc4-9e5aea5af8dd.sock", error: "", default_status: Some("online") })
2026-01-19 15:19:05 DEBUG cloudpub_common::utils: Send: EndpointStatus(ServerEndpoint { status: Some("online"), guid: "00bddb0d-0bfa-473a-acc4-9e5aea5af8dd", remote_proto: Https, remote_addr: "outlandishly-protected-sapsucker.cloudpub.ru", remote_port: 443, client: Some(ClientEndpoint { local_proto: Http, local_addr: "nginx", local_port: 80, local_path: "", nodelay: None, description: None, auth: None, acl: [], username: "", password: "", headers: [], filter_rules: [] }), id: 1850261, bind_addr: "/var/lib/cloudpub/sockets/00bddb0d-0bfa-473a-acc4-9e5aea5af8dd.sock", error: "", default_status: Some("online") })
2026-01-19 15:19:05 DEBUG cloudpub_common::utils: Recv: EndpointStatusAck(ServerEndpoint { status: Some("online"), guid: "00bddb0d-0bfa-473a-acc4-9e5aea5af8dd", remote_proto: Https, remote_addr: "outlandishly-protected-sapsucker.cloudpub.ru", remote_port: 443, client: Some(ClientEndpoint { local_proto: Http, local_addr: "nginx", local_port: 80, local_path: "", nodelay: None, description: None, auth: None, acl: [], username: "", password: "", headers: [], filter_rules: [] }), id: 1850261, bind_addr: "/var/lib/cloudpub/sockets/00bddb0d-0bfa-473a-acc4-9e5aea5af8dd.sock", error: "", default_status: Some("online") })
2026-01-19 15:19:05 DEBUG cloudpub_client::base: Unhandled message: EndpointStatusAck(ServerEndpoint { status: Some("online"), guid: "00bddb0d-0bfa-473a-acc4-9e5aea5af8dd", remote_proto: Https, remote_addr: "outlandishly-protected-sapsucker.cloudpub.ru", remote_port: 443, client: Some(ClientEndpoint { local_proto: Http, local_addr: "nginx", local_port: 80, local_path: "", nodelay: None, description: None, auth: None, acl: [], username: "", password: "", headers: [], filter_rules: [] }), id: 1850261, bind_addr: "/var/lib/cloudpub/sockets/00bddb0d-0bfa-473a-acc4-9e5aea5af8dd.sock", error: "", default_status: Some("online") })
2026-01-19 15:21:12 DEBUG cloudpub_common::logging: Tracing initialized (debug)
2026-01-19 15:21:12 DEBUG cloudpub_client::config: Config dir: "/home/cloudpub/.config/cloudpub"
2026-01-19 15:21:12 DEBUG cloudpub_common::logging: Tracing initialized (debug)
2026-01-19 15:21:12 DEBUG cloudpub_client::config: Config dir: "/home/cloudpub/.config/cloudpub"
2026-01-19 15:21:12 DEBUG cloudpub_client::base: Config: RwLock { data: ClientConfig { config_path: "/home/cloudpub/.config/cloudpub/client.toml", readonly: false, agent_id: "adfa0940-06bd-4200-91f9-28b46e1c894b", hwid: None, server: Url { scheme: "https", cannot_be_a_base: false, username: "", password: None, host: Some(Domain("cloudpub.ru")), port: None, path: "/", query: None, fragment: None }, token: Some(MASKED), heartbeat_timeout: 40, one_c_home: None, one_c_platform: None, one_c_publish_dir: None, minecraft_server: None, minecraft_java_opts: None, minimize_to_tray_on_close: Some(true), minimize_to_tray_on_start: Some(false), transport: TransportConfig { transport_type: Websocket, tcp: TcpConfig { proxy: None }, tls: Some(TlsConfig { hostname: None, trusted_root: None, pkcs12: None, pkcs12_password: None, danger_ignore_certificate_verification: None }), websocket: Some(WebsocketConfig { tls: true }) } } }
2026-01-19 15:21:12 DEBUG cloudpub_common::transport::websocket: Connecting to wss://cloudpub.ru:443/endpoint/v3
2026-01-19 15:21:12 DEBUG cloudpub_common::transport::websocket: Connected
2026-01-19 15:21:12 DEBUG cloudpub_client::client: Sending hello: AgentInfo { agent_id: "adfa0940-06bd-4200-91f9-28b46e1c894b", token: "YqjqRElD2mcmzpkCaHYtrwoDf4P-VmTT-kmukxvFgdg", hostname: "ec30689d8029", version: "3.0.0", gui: false, platform: "linux-x86_64", hwid: "adfa0940-06bd-4200-91f9-28b46e1c894b", server_host_and_port: "cloudpub.ru:443", email: "", password: "", secondary: true, transient: false, is_service: false }
2026-01-19 15:21:12 DEBUG cloudpub_common::utils: Send: AgentHello(AgentInfo { agent_id: "adfa0940-06bd-4200-91f9-28b46e1c894b", token: "YqjqRElD2mcmzpkCaHYtrwoDf4P-VmTT-kmukxvFgdg", hostname: "ec30689d8029", version: "3.0.0", gui: false, platform: "linux-x86_64", hwid: "adfa0940-06bd-4200-91f9-28b46e1c894b", server_host_and_port: "cloudpub.ru:443", email: "", password: "", secondary: true, transient: false, is_service: false })
2026-01-19 15:21:12 DEBUG cloudpub_client::client: Reading ack
2026-01-19 15:21:12 DEBUG cloudpub_common::utils: Recv: AgentAck(AgentAck { token: "YqjqRElD2mcmzpkCaHYtrwoDf4P-VmTT-kmukxvFgdg" })
2026-01-19 15:21:12 DEBUG cloudpub_client::client: Control channel established
2026-01-19 15:21:12 DEBUG cloudpub_common::utils: Recv: UpgradeAvailable(UpgradeInfo { version: "3.0.1", url: "" })
2026-01-19 15:21:12 DEBUG cloudpub_client::client: Received message: EndpointStart(ClientEndpoint { local_proto: Http, local_addr: "nginx", local_port: 80, local_path: "", nodelay: Some(true), description: None, auth: None, acl: [], username: "", password: "", headers: [], filter_rules: [] })
2026-01-19 15:21:12 DEBUG cloudpub_common::utils: Send: EndpointStart(ClientEndpoint { local_proto: Http, local_addr: "nginx", local_port: 80, local_path: "", nodelay: Some(true), description: None, auth: None, acl: [], username: "", password: "", headers: [], filter_rules: [] })
2026-01-19 15:21:12 DEBUG cloudpub_common::utils: Recv: EndpointAck(ServerEndpoint { status: Some("online"), guid: "00bddb0d-0bfa-473a-acc4-9e5aea5af8dd", remote_proto: Https, remote_addr: "outlandishly-protected-sapsucker.cloudpub.ru", remote_port: 443, client: Some(ClientEndpoint { local_proto: Http, local_addr: "nginx", local_port: 80, local_path: "", nodelay: Some(true), description: None, auth: None, acl: [], username: "", password: "", headers: [], filter_rules: [] }), id: 1850261, bind_addr: "/var/lib/cloudpub/sockets/00bddb0d-0bfa-473a-acc4-9e5aea5af8dd.sock", error: "", default_status: Some("online") })
2026-01-19 15:21:12 DEBUG cloudpub_common::utils: Send: EndpointStatus(ServerEndpoint { status: Some("online"), guid: "00bddb0d-0bfa-473a-acc4-9e5aea5af8dd", remote_proto: Https, remote_addr: "outlandishly-protected-sapsucker.cloudpub.ru", remote_port: 443, client: Some(ClientEndpoint { local_proto: Http, local_addr: "nginx", local_port: 80, local_path: "", nodelay: Some(true), description: None, auth: None, acl: [], username: "", password: "", headers: [], filter_rules: [] }), id: 1850261, bind_addr: "/var/lib/cloudpub/sockets/00bddb0d-0bfa-473a-acc4-9e5aea5af8dd.sock", error: "", default_status: Some("online") })
2026-01-19 15:21:12 DEBUG cloudpub_client::client: Received message: Stop(Stop)
2026-01-19 15:21:12  INFO cloudpub_client::client: Stopping the client
2026-01-19 15:21:12  INFO cloudpub_client::client: Control channel shutdown
2026-01-19 15:21:12 DEBUG cloudpub_common::logging: Tracing initialized (debug)
2026-01-19 15:21:12 DEBUG cloudpub_client::config: Config dir: "/home/cloudpub/.config/cloudpub"
2026-01-19 15:21:12 DEBUG cloudpub_client::base: Config: RwLock { data: ClientConfig { config_path: "/home/cloudpub/.config/cloudpub/client.toml", readonly: false, agent_id: "adfa0940-06bd-4200-91f9-28b46e1c894b", hwid: None, server: Url { scheme: "https", cannot_be_a_base: false, username: "", password: None, host: Some(Domain("cloudpub.ru")), port: None, path: "/", query: None, fragment: None }, token: Some(MASKED), heartbeat_timeout: 40, one_c_home: None, one_c_platform: None, one_c_publish_dir: None, minecraft_server: None, minecraft_java_opts: None, minimize_to_tray_on_close: Some(true), minimize_to_tray_on_start: Some(false), transport: TransportConfig { transport_type: Websocket, tcp: TcpConfig { proxy: None }, tls: Some(TlsConfig { hostname: None, trusted_root: None, pkcs12: None, pkcs12_password: None, danger_ignore_certificate_verification: None }), websocket: Some(WebsocketConfig { tls: true }) } } }
2026-01-19 15:21:13 DEBUG cloudpub_common::transport::websocket: Connecting to wss://cloudpub.ru:443/endpoint/v3
2026-01-19 15:21:13 DEBUG cloudpub_common::transport::websocket: Connected
2026-01-19 15:21:13 DEBUG cloudpub_client::client: Sending hello: AgentInfo { agent_id: "adfa0940-06bd-4200-91f9-28b46e1c894b", token: "YqjqRElD2mcmzpkCaHYtrwoDf4P-VmTT-kmukxvFgdg", hostname: "ec30689d8029", version: "3.0.0", gui: false, platform: "linux-x86_64", hwid: "adfa0940-06bd-4200-91f9-28b46e1c894b", server_host_and_port: "cloudpub.ru:443", email: "", password: "", secondary: false, transient: false, is_service: false }
2026-01-19 15:21:13 DEBUG cloudpub_common::utils: Send: AgentHello(AgentInfo { agent_id: "adfa0940-06bd-4200-91f9-28b46e1c894b", token: "YqjqRElD2mcmzpkCaHYtrwoDf4P-VmTT-kmukxvFgdg", hostname: "ec30689d8029", version: "3.0.0", gui: false, platform: "linux-x86_64", hwid: "adfa0940-06bd-4200-91f9-28b46e1c894b", server_host_and_port: "cloudpub.ru:443", email: "", password: "", secondary: false, transient: false, is_service: false })
2026-01-19 15:21:13 DEBUG cloudpub_client::client: Reading ack
2026-01-19 15:21:13 DEBUG cloudpub_common::utils: Recv: AgentAck(AgentAck { token: "YqjqRElD2mcmzpkCaHYtrwoDf4P-VmTT-kmukxvFgdg" })
2026-01-19 15:21:13 DEBUG cloudpub_client::client: Control channel established
2026-01-19 15:21:13 DEBUG cloudpub_common::utils: Recv: UpgradeAvailable(UpgradeInfo { version: "3.0.1", url: "" })
2026-01-19 15:21:13 DEBUG cloudpub_client::client: Received message: EndpointStartAll(EndpointStartAll)
2026-01-19 15:21:13 DEBUG cloudpub_common::utils: Send: EndpointStartAll(EndpointStartAll)
2026-01-19 15:21:13 DEBUG cloudpub_common::utils: Recv: EndpointAck(ServerEndpoint { status: Some("online"), guid: "00bddb0d-0bfa-473a-acc4-9e5aea5af8dd", remote_proto: Https, remote_addr: "outlandishly-protected-sapsucker.cloudpub.ru", remote_port: 443, client: Some(ClientEndpoint { local_proto: Http, local_addr: "nginx", local_port: 80, local_path: "", nodelay: None, description: None, auth: None, acl: [], username: "", password: "", headers: [], filter_rules: [] }), id: 1850261, bind_addr: "/var/lib/cloudpub/sockets/00bddb0d-0bfa-473a-acc4-9e5aea5af8dd.sock", error: "", default_status: Some("online") })
2026-01-19 15:21:13 DEBUG cloudpub_common::utils: Send: EndpointStatus(ServerEndpoint { status: Some("online"), guid: "00bddb0d-0bfa-473a-acc4-9e5aea5af8dd", remote_proto: Https, remote_addr: "outlandishly-protected-sapsucker.cloudpub.ru", remote_port: 443, client: Some(ClientEndpoint { local_proto: Http, local_addr: "nginx", local_port: 80, local_path: "", nodelay: None, description: None, auth: None, acl: [], username: "", password: "", headers: [], filter_rules: [] }), id: 1850261, bind_addr: "/var/lib/cloudpub/sockets/00bddb0d-0bfa-473a-acc4-9e5aea5af8dd.sock", error: "", default_status: Some("online") })
2026-01-19 15:21:13 DEBUG cloudpub_common::utils: Recv: EndpointStatusAck(ServerEndpoint { status: Some("online"), guid: "00bddb0d-0bfa-473a-acc4-9e5aea5af8dd", remote_proto: Https, remote_addr: "outlandishly-protected-sapsucker.cloudpub.ru", remote_port: 443, client: Some(ClientEndpoint { local_proto: Http, local_addr: "nginx", local_port: 80, local_path: "", nodelay: None, description: None, auth: None, acl: [], username: "", password: "", headers: [], filter_rules: [] }), id: 1850261, bind_addr: "/var/lib/cloudpub/sockets/00bddb0d-0bfa-473a-acc4-9e5aea5af8dd.sock", error: "", default_status: Some("online") })
2026-01-19 15:21:13 DEBUG cloudpub_client::base: Unhandled message: EndpointStatusAck(ServerEndpoint { status: Some("online"), guid: "00bddb0d-0bfa-473a-acc4-9e5aea5af8dd", remote_proto: Https, remote_addr: "outlandishly-protected-sapsucker.cloudpub.ru", remote_port: 443, client: Some(ClientEndpoint { local_proto: Http, local_addr: "nginx", local_port: 80, local_path: "", nodelay: None, description: None, auth: None, acl: [], username: "", password: "", headers: [], filter_rules: [] }), id: 1850261, bind_addr: "/var/lib/cloudpub/sockets/00bddb0d-0bfa-473a-acc4-9e5aea5af8dd.sock", error: "", default_status: Some("online") })
2026-01-19 15:22:21 DEBUG cloudpub_common::logging: Tracing initialized (debug)
2026-01-19 15:22:21 DEBUG cloudpub_client::config: Config dir: "/home/cloudpub/.config/cloudpub"
2026-01-19 15:22:21 DEBUG cloudpub_common::logging: Tracing initialized (debug)
2026-01-19 15:22:21 DEBUG cloudpub_client::config: Config dir: "/home/cloudpub/.config/cloudpub"
2026-01-19 15:22:21 DEBUG cloudpub_client::base: Config: RwLock { data: ClientConfig { config_path: "/home/cloudpub/.config/cloudpub/client.toml", readonly: false, agent_id: "adfa0940-06bd-4200-91f9-28b46e1c894b", hwid: None, server: Url { scheme: "https", cannot_be_a_base: false, username: "", password: None, host: Some(Domain("cloudpub.ru")), port: None, path: "/", query: None, fragment: None }, token: Some(MASKED), heartbeat_timeout: 40, one_c_home: None, one_c_platform: None, one_c_publish_dir: None, minecraft_server: None, minecraft_java_opts: None, minimize_to_tray_on_close: Some(true), minimize_to_tray_on_start: Some(false), transport: TransportConfig { transport_type: Websocket, tcp: TcpConfig { proxy: None }, tls: Some(TlsConfig { hostname: None, trusted_root: None, pkcs12: None, pkcs12_password: None, danger_ignore_certificate_verification: None }), websocket: Some(WebsocketConfig { tls: true }) } } }
2026-01-19 15:22:21 DEBUG cloudpub_common::transport::websocket: Connecting to wss://cloudpub.ru:443/endpoint/v3
2026-01-19 15:22:21 DEBUG cloudpub_common::transport::websocket: Connected
2026-01-19 15:22:21 DEBUG cloudpub_client::client: Sending hello: AgentInfo { agent_id: "adfa0940-06bd-4200-91f9-28b46e1c894b", token: "YqjqRElD2mcmzpkCaHYtrwoDf4P-VmTT-kmukxvFgdg", hostname: "0a3092e1af58", version: "3.0.0", gui: false, platform: "linux-x86_64", hwid: "adfa0940-06bd-4200-91f9-28b46e1c894b", server_host_and_port: "cloudpub.ru:443", email: "", password: "", secondary: true, transient: false, is_service: false }
2026-01-19 15:22:21 DEBUG cloudpub_common::utils: Send: AgentHello(AgentInfo { agent_id: "adfa0940-06bd-4200-91f9-28b46e1c894b", token: "YqjqRElD2mcmzpkCaHYtrwoDf4P-VmTT-kmukxvFgdg", hostname: "0a3092e1af58", version: "3.0.0", gui: false, platform: "linux-x86_64", hwid: "adfa0940-06bd-4200-91f9-28b46e1c894b", server_host_and_port: "cloudpub.ru:443", email: "", password: "", secondary: true, transient: false, is_service: false })
2026-01-19 15:22:21 DEBUG cloudpub_client::client: Reading ack
2026-01-19 15:22:21 DEBUG cloudpub_common::utils: Recv: AgentAck(AgentAck { token: "YqjqRElD2mcmzpkCaHYtrwoDf4P-VmTT-kmukxvFgdg" })
2026-01-19 15:22:21 DEBUG cloudpub_client::client: Control channel established
2026-01-19 15:22:21 DEBUG cloudpub_common::utils: Recv: UpgradeAvailable(UpgradeInfo { version: "3.0.1", url: "" })
2026-01-19 15:22:21 DEBUG cloudpub_client::client: Received message: EndpointStart(ClientEndpoint { local_proto: Http, local_addr: "nginx", local_port: 80, local_path: "", nodelay: Some(true), description: None, auth: None, acl: [], username: "", password: "", headers: [], filter_rules: [] })
2026-01-19 15:22:21 DEBUG cloudpub_common::utils: Send: EndpointStart(ClientEndpoint { local_proto: Http, local_addr: "nginx", local_port: 80, local_path: "", nodelay: Some(true), description: None, auth: None, acl: [], username: "", password: "", headers: [], filter_rules: [] })
2026-01-19 15:22:21 DEBUG cloudpub_common::utils: Recv: EndpointAck(ServerEndpoint { status: Some("online"), guid: "00bddb0d-0bfa-473a-acc4-9e5aea5af8dd", remote_proto: Https, remote_addr: "outlandishly-protected-sapsucker.cloudpub.ru", remote_port: 443, client: Some(ClientEndpoint { local_proto: Http, local_addr: "nginx", local_port: 80, local_path: "", nodelay: Some(true), description: None, auth: None, acl: [], username: "", password: "", headers: [], filter_rules: [] }), id: 1850261, bind_addr: "/var/lib/cloudpub/sockets/00bddb0d-0bfa-473a-acc4-9e5aea5af8dd.sock", error: "", default_status: Some("online") })
2026-01-19 15:22:21 DEBUG cloudpub_common::utils: Send: EndpointStatus(ServerEndpoint { status: Some("online"), guid: "00bddb0d-0bfa-473a-acc4-9e5aea5af8dd", remote_proto: Https, remote_addr: "outlandishly-protected-sapsucker.cloudpub.ru", remote_port: 443, client: Some(ClientEndpoint { local_proto: Http, local_addr: "nginx", local_port: 80, local_path: "", nodelay: Some(true), description: None, auth: None, acl: [], username: "", password: "", headers: [], filter_rules: [] }), id: 1850261, bind_addr: "/var/lib/cloudpub/sockets/00bddb0d-0bfa-473a-acc4-9e5aea5af8dd.sock", error: "", default_status: Some("online") })
2026-01-19 15:22:21 DEBUG cloudpub_client::client: Received message: Stop(Stop)
2026-01-19 15:22:21  INFO cloudpub_client::client: Stopping the client
2026-01-19 15:22:21  INFO cloudpub_client::client: Control channel shutdown
2026-01-19 15:22:21 DEBUG cloudpub_common::logging: Tracing initialized (debug)
2026-01-19 15:22:21 DEBUG cloudpub_client::config: Config dir: "/home/cloudpub/.config/cloudpub"
2026-01-19 15:22:21 DEBUG cloudpub_client::base: Config: RwLock { data: ClientConfig { config_path: "/home/cloudpub/.config/cloudpub/client.toml", readonly: false, agent_id: "adfa0940-06bd-4200-91f9-28b46e1c894b", hwid: None, server: Url { scheme: "https", cannot_be_a_base: false, username: "", password: None, host: Some(Domain("cloudpub.ru")), port: None, path: "/", query: None, fragment: None }, token: Some(MASKED), heartbeat_timeout: 40, one_c_home: None, one_c_platform: None, one_c_publish_dir: None, minecraft_server: None, minecraft_java_opts: None, minimize_to_tray_on_close: Some(true), minimize_to_tray_on_start: Some(false), transport: TransportConfig { transport_type: Websocket, tcp: TcpConfig { proxy: None }, tls: Some(TlsConfig { hostname: None, trusted_root: None, pkcs12: None, pkcs12_password: None, danger_ignore_certificate_verification: None }), websocket: Some(WebsocketConfig { tls: true }) } } }
2026-01-19 15:22:21 DEBUG cloudpub_common::transport::websocket: Connecting to wss://cloudpub.ru:443/endpoint/v3
2026-01-19 15:22:21 DEBUG cloudpub_common::transport::websocket: Connected
2026-01-19 15:22:22 DEBUG cloudpub_client::client: Sending hello: AgentInfo { agent_id: "adfa0940-06bd-4200-91f9-28b46e1c894b", token: "YqjqRElD2mcmzpkCaHYtrwoDf4P-VmTT-kmukxvFgdg", hostname: "0a3092e1af58", version: "3.0.0", gui: false, platform: "linux-x86_64", hwid: "adfa0940-06bd-4200-91f9-28b46e1c894b", server_host_and_port: "cloudpub.ru:443", email: "", password: "", secondary: false, transient: false, is_service: false }
2026-01-19 15:22:22 DEBUG cloudpub_common::utils: Send: AgentHello(AgentInfo { agent_id: "adfa0940-06bd-4200-91f9-28b46e1c894b", token: "YqjqRElD2mcmzpkCaHYtrwoDf4P-VmTT-kmukxvFgdg", hostname: "0a3092e1af58", version: "3.0.0", gui: false, platform: "linux-x86_64", hwid: "adfa0940-06bd-4200-91f9-28b46e1c894b", server_host_and_port: "cloudpub.ru:443", email: "", password: "", secondary: false, transient: false, is_service: false })
2026-01-19 15:22:22 DEBUG cloudpub_client::client: Reading ack
2026-01-19 15:22:22 DEBUG cloudpub_common::utils: Recv: AgentAck(AgentAck { token: "YqjqRElD2mcmzpkCaHYtrwoDf4P-VmTT-kmukxvFgdg" })
2026-01-19 15:22:22 DEBUG cloudpub_client::client: Control channel established
2026-01-19 15:22:22 DEBUG cloudpub_common::utils: Recv: UpgradeAvailable(UpgradeInfo { version: "3.0.1", url: "" })
2026-01-19 15:22:22 DEBUG cloudpub_client::client: Received message: EndpointStartAll(EndpointStartAll)
2026-01-19 15:22:22 DEBUG cloudpub_common::utils: Send: EndpointStartAll(EndpointStartAll)
2026-01-19 15:22:22 DEBUG cloudpub_common::utils: Recv: EndpointAck(ServerEndpoint { status: Some("online"), guid: "00bddb0d-0bfa-473a-acc4-9e5aea5af8dd", remote_proto: Https, remote_addr: "outlandishly-protected-sapsucker.cloudpub.ru", remote_port: 443, client: Some(ClientEndpoint { local_proto: Http, local_addr: "nginx", local_port: 80, local_path: "", nodelay: None, description: None, auth: None, acl: [], username: "", password: "", headers: [], filter_rules: [] }), id: 1850261, bind_addr: "/var/lib/cloudpub/sockets/00bddb0d-0bfa-473a-acc4-9e5aea5af8dd.sock", error: "", default_status: Some("online") })
2026-01-19 15:22:22 DEBUG cloudpub_common::utils: Send: EndpointStatus(ServerEndpoint { status: Some("online"), guid: "00bddb0d-0bfa-473a-acc4-9e5aea5af8dd", remote_proto: Https, remote_addr: "outlandishly-protected-sapsucker.cloudpub.ru", remote_port: 443, client: Some(ClientEndpoint { local_proto: Http, local_addr: "nginx", local_port: 80, local_path: "", nodelay: None, description: None, auth: None, acl: [], username: "", password: "", headers: [], filter_rules: [] }), id: 1850261, bind_addr: "/var/lib/cloudpub/sockets/00bddb0d-0bfa-473a-acc4-9e5aea5af8dd.sock", error: "", default_status: Some("online") })
2026-01-19 15:22:22 DEBUG cloudpub_common::utils: Recv: EndpointStatusAck(ServerEndpoint { status: Some("online"), guid: "00bddb0d-0bfa-473a-acc4-9e5aea5af8dd", remote_proto: Https, remote_addr: "outlandishly-protected-sapsucker.cloudpub.ru", remote_port: 443, client: Some(ClientEndpoint { local_proto: Http, local_addr: "nginx", local_port: 80, local_path: "", nodelay: None, description: None, auth: None, acl: [], username: "", password: "", headers: [], filter_rules: [] }), id: 1850261, bind_addr: "/var/lib/cloudpub/sockets/00bddb0d-0bfa-473a-acc4-9e5aea5af8dd.sock", error: "", default_status: Some("online") })
2026-01-19 15:22:22 DEBUG cloudpub_client::base: Unhandled message: EndpointStatusAck(ServerEndpoint { status: Some("online"), guid: "00bddb0d-0bfa-473a-acc4-9e5aea5af8dd", remote_proto: Https, remote_addr: "outlandishly-protected-sapsucker.cloudpub.ru", remote_port: 443, client: Some(ClientEndpoint { local_proto: Http, local_addr: "nginx", local_port: 80, local_path: "", nodelay: None, description: None, auth: None, acl: [], username: "", password: "", headers: [], filter_rules: [] }), id: 1850261, bind_addr: "/var/lib/cloudpub/sockets/00bddb0d-0bfa-473a-acc4-9e5aea5af8dd.sock", error: "", default_status: Some("online") })
